Determining compilation order of HDL files
Analyzing VHDL file ../../../module_1a/input/micro_pk.vhd
Restoring VHDL parse-tree ieee.std_logic_1164 from
/opt/Xilinx/10.1/ISE/vhdl/hdp/lin/ieee/std_logic_1164.vdb
Restoring VHDL parse-tree std.standard from
/opt/Xilinx/10.1/ISE/vhdl/hdp/lin/std/standard.vdb
Restoring VHDL parse-tree ieee.numeric_std from
/opt/Xilinx/10.1/ISE/vhdl/hdp/lin/ieee/numeric_std.vdb
Analyzing VHDL file ../micro_ram_pk.vhd
Analyzing VHDL file ../memory.vhd
Analyzing VHDL file ../../../module_1e/input/micro_comp_pk.vhd
Analyzing VHDL file ../tb_memory.vhd
Saving VHDL parse-tree work.micro_pk into
/home/pascual/INGENIERIA/DCSL/V1.1/module_3a/input/Modulo3a/isim/work/micro_pk.v
db
Saving VHDL parse-tree work.micro_ram_pk into
/home/pascual/INGENIERIA/DCSL/V1.1/module_3a/input/Modulo3a/isim/work/micro_ram_
pk.vdb
Saving VHDL parse-tree work.memory into
/home/pascual/INGENIERIA/DCSL/V1.1/module_3a/input/Modulo3a/isim/work/memory.vdb
Saving VHDL parse-tree work.micro_comp_pk into
/home/pascual/INGENIERIA/DCSL/V1.1/module_3a/input/Modulo3a/isim/work/micro_comp
_pk.vdb
Saving VHDL parse-tree work.tb_memory into
/home/pascual/INGENIERIA/DCSL/V1.1/module_3a/input/Modulo3a/isim/work/tb_memory.
vdb
Starting static elaboration
WARNING:HDLCompiler:746 -
   "/build/xfndry8/K.31/rtf/vhdl/src/ieee/numeric_std.vhd" Line 867. Range is
   empty (null range)
WARNING:HDLCompiler:746 -
   "/build/xfndry8/K.31/rtf/vhdl/src/ieee/numeric_std.vhd" Line 868. Range is
   empty (null range)
Completed static elaboration
Fuse Memory Usage: 31768 Kb
Fuse CPU Usage: 1130 ms
Using precompiled package standard from library std
Using precompiled package std_logic_1164 from library ieee
Using precompiled package numeric_std from library ieee
Compiling package micro_pk
Compiling package micro_comp_pk
Compiling package micro_ram_pk
Compiling architecture behave of entity memory [memory_default]
Compiling architecture test of entity tb_memory
Compiled 9 VHDL Units
Built simulation executable tb_memory_isim_beh.exe
Fuse Memory Usage: 31820 Kb
Fuse CPU Usage: 1580 ms
GCC CPU Usage: 1500 ms
